# JRE version: OpenJDK Runtime Environment (21.0.7) (build 21.0.7+-13880790-b1038.58)
# Java VM: OpenJDK 64-Bit Server VM (21.0.7+-13880790-b1038.58, mixed mode, tiered, compressed oops, compressed class ptrs, g1 gc, windows-amd64)
GC Precious Log:
 CardTable entry size: 512
 Card Set container configuration: InlinePtr #cards 5 size 8 Array Of Cards #cards 12 size 40 Howl #buckets 4 coarsen threshold 1843 Howl Bitmap #cards 512 size 80 coarsen threshold 460 Card regions per heap region 1 cards per card region 2048
 CPUs: 8 total, 8 available
 Memory: 7975M
 Large Page Support: Disabled
 NUMA Support: Disabled
 Compressed Oops: Enabled (32-bit)
 Heap Region Size: 1M
 Heap Min Capacity: 8M
 Heap Initial Capacity: 126M
 Heap Max Capacity: 2G
 Pre-touch: Disabled
 Parallel Workers: 8
 Concurrent Workers: 2
 Concurrent Refinement Workers: 8
 Periodic GC: Disabled
Heap:
 garbage-first heap   total 444416K, used 303932K [0x0000000080000000, 0x0000000100000000)
  region size 1024K, 16 young (16384K), 16 survivors (16384K)
 Metaspace       used 148652K, committed 151168K, reserved 1179648K
  class space    used 20993K, committed 22208K, reserved 1048576K
GC Heap History (20 events):
Event: 14.542 GC heap after
{Heap after GC invocations=47 (full 0):
 garbage-first heap   total 174080K, used 122258K [0x0000000080000000, 0x0000000100000000)
  region size 1024K, 7 young (7168K), 7 survivors (7168K)
 Metaspace       used 117355K, committed 119616K, reserved 1179648K
  class space    used 16338K, committed 17472K, reserved 1048576K
}
Event: 14.694 GC heap before
{Heap before GC invocations=48 (full 0):
 garbage-first heap   total 204800K, used 156050K [0x0000000080000000, 0x0000000100000000)
  region size 1024K, 40 young (40960K), 7 survivors (7168K)
 Metaspace       used 117452K, committed 119744K, reserved 1179648K
  class space    used 16343K, committed 17472K, reserved 1048576K
}
Event: 14.700 GC heap after
{Heap after GC invocations=49 (full 0):
 garbage-first heap   total 204800K, used 125222K [0x0000000080000000, 0x0000000100000000)
  region size 1024K, 4 young (4096K), 4 survivors (4096K)
 Metaspace       used 117452K, committed 119744K, reserved 1179648K
  class space    used 16343K, committed 17472K, reserved 1048576K
}
Event: 14.981 GC heap before
{Heap before GC invocations=49 (full 0):
 garbage-first heap   total 204800K, used 184614K [0x0000000080000000, 0x0000000100000000)
  region size 1024K, 63 young (64512K), 4 survivors (4096K)
 Metaspace       used 117836K, committed 120128K, reserved 1179648K
  class space    used 16422K, committed 17536K, reserved 1048576K
}
Event: 14.989 GC heap after
{Heap after GC invocations=50 (full 0):
 garbage-first heap   total 366592K, used 127902K [0x0000000080000000, 0x0000000100000000)
  region size 1024K, 7 young (7168K), 7 survivors (7168K)
 Metaspace       used 117836K, committed 120128K, reserved 1179648K
  class space    used 16422K, committed 17536K, reserved 1048576K
}
Event: 16.196 GC heap before
{Heap before GC invocations=50 (full 0):
 garbage-first heap   total 366592K, used 301982K [0x0000000080000000, 0x0000000100000000)
  region size 1024K, 178 young (182272K), 7 survivors (7168K)
 Metaspace       used 118554K, committed 120832K, reserved 1179648K
  class space    used 16526K, committed 17664K, reserved 1048576K
}
Event: 16.210 GC heap after
{Heap after GC invocations=51 (full 0):
 garbage-first heap   total 366592K, used 134644K [0x0000000080000000, 0x0000000100000000)
  region size 1024K, 13 young (13312K), 13 survivors (13312K)
 Metaspace       used 118554K, committed 120832K, reserved 1179648K
  class space    used 16526K, committed 17664K, reserved 1048576K
}
Event: 16.287 GC heap before
{Heap before GC invocations=51 (full 0):
 garbage-first heap   total 366592K, used 151028K [0x0000000080000000, 0x0000000100000000)
  region size 1024K, 31 young (31744K), 13 survivors (13312K)
 Metaspace       used 118805K, committed 121152K, reserved 1179648K
  class space    used 16565K, committed 17728K, reserved 1048576K
}
Event: 16.295 GC heap after
{Heap after GC invocations=52 (full 0):
 garbage-first heap   total 366592K, used 135266K [0x0000000080000000, 0x0000000100000000)
  region size 1024K, 14 young (14336K), 14 survivors (14336K)
 Metaspace       used 118805K, committed 121152K, reserved 1179648K
  class space    used 16565K, committed 17728K, reserved 1048576K
}
Event: 18.041 GC heap before
{Heap before GC invocations=53 (full 0):
 garbage-first heap   total 366592K, used 340066K [0x0000000080000000, 0x0000000100000000)
  region size 1024K, 206 young (210944K), 14 survivors (14336K)
 Metaspace       used 131106K, committed 133504K, reserved 1179648K
  class space    used 18063K, committed 19264K, reserved 1048576K
}
Event: 18.090 GC heap after
{Heap after GC invocations=54 (full 0):
 garbage-first heap   total 368640K, used 150501K [0x0000000080000000, 0x0000000100000000)
  region size 1024K, 26 young (26624K), 26 survivors (26624K)
 Metaspace       used 131106K, committed 133504K, reserved 1179648K
  class space    used 18063K, committed 19264K, reserved 1048576K
}
Event: 18.929 GC heap before
{Heap before GC invocations=54 (full 0):
 garbage-first heap   total 368640K, used 357349K [0x0000000080000000, 0x0000000100000000)
  region size 1024K, 195 young (199680K), 26 survivors (26624K)
 Metaspace       used 135861K, committed 138240K, reserved 1179648K
  class space    used 18743K, committed 19904K, reserved 1048576K
}
Event: 18.967 GC heap after
{Heap after GC invocations=55 (full 0):
 garbage-first heap   total 406528K, used 198551K [0x0000000080000000, 0x0000000100000000)
  region size 1024K, 23 young (23552K), 23 survivors (23552K)
 Metaspace       used 135861K, committed 138240K, reserved 1179648K
  class space    used 18743K, committed 19904K, reserved 1048576K
}
Event: 19.066 GC heap before
{Heap before GC invocations=55 (full 0):
 garbage-first heap   total 406528K, used 223127K [0x0000000080000000, 0x0000000100000000)
  region size 1024K, 48 young (49152K), 23 survivors (23552K)
 Metaspace       used 137003K, committed 139456K, reserved 1179648K
  class space    used 18944K, committed 20160K, reserved 1048576K
}
Event: 19.079 GC heap after
{Heap after GC invocations=56 (full 0):
 garbage-first heap   total 406528K, used 204566K [0x0000000080000000, 0x0000000100000000)
  region size 1024K, 6 young (6144K), 6 survivors (6144K)
 Metaspace       used 137003K, committed 139456K, reserved 1179648K
  class space    used 18944K, committed 20160K, reserved 1048576K
}
Event: 19.564 GC heap before
{Heap before GC invocations=56 (full 0):
 garbage-first heap   total 406528K, used 405270K [0x0000000080000000, 0x0000000100000000)
  region size 1024K, 122 young (124928K), 6 survivors (6144K)
 Metaspace       used 140389K, committed 142784K, reserved 1179648K
  class space    used 19489K, committed 20672K, reserved 1048576K
}
Event: 19.598 GC heap after
{Heap after GC invocations=57 (full 0):
 garbage-first heap   total 440320K, used 266240K [0x0000000080000000, 0x0000000100000000)
  region size 1024K, 20 young (20480K), 20 survivors (20480K)
 Metaspace       used 140389K, committed 142784K, reserved 1179648K
  class space    used 19489K, committed 20672K, reserved 1048576K
}
Event: 20.172 GC heap before
{Heap before GC invocations=58 (full 0):
 garbage-first heap   total 444416K, used 388096K [0x0000000080000000, 0x0000000100000000)
  region size 1024K, 139 young (142336K), 20 survivors (20480K)
 Metaspace       used 144222K, committed 146688K, reserved 1179648K
  class space    used 20217K, committed 21440K, reserved 1048576K
}
Event: 20.257 GC heap after
{Heap after GC invocations=59 (full 0):
 garbage-first heap   total 444416K, used 285467K [0x0000000080000000, 0x0000000100000000)
  region size 1024K, 17 young (17408K), 17 survivors (17408K)
 Metaspace       used 144222K, committed 146688K, reserved 1179648K
  class space    used 20217K, committed 21440K, reserved 1048576K
}
Event: 20.677 GC heap before
{Heap before GC invocations=59 (full 0):
 garbage-first heap   total 444416K, used 403227K [0x0000000080000000, 0x0000000100000000)
  region size 1024K, 126 young (129024K), 17 survivors (17408K)
 Metaspace       used 148652K, committed 151168K, reserved 1179648K
  class space    used 20993K, committed 22208K, reserved 1048576K
}

